c:\users\test-plus\documents\computer science codes\sc practise\sc practise\x64\debug\vc143.pdb
c:\users\test-plus\documents\computer science codes\sc practise\sc practise\x64\debug\vc143.idb
c:\users\test-plus\documents\computer science codes\sc practise\sc practise\x64\debug\sc test.obj
c:\users\test-plus\documents\computer science codes\sc practise\sc practise\x64\debug\matrices.obj
c:\users\test-plus\documents\computer science codes\sc practise\sc practise\x64\debug\sc practise.ilk
c:\users\test-plus\documents\computer science codes\sc practise\x64\debug\sc practise.pdb
c:\users\test-plus\documents\computer science codes\sc practise\sc practise\x64\debug\sc practise.tlog\cl.command.1.tlog
c:\users\test-plus\documents\computer science codes\sc practise\sc practise\x64\debug\sc practise.tlog\cl.items.tlog
c:\users\test-plus\documents\computer science codes\sc practise\sc practise\x64\debug\sc practise.tlog\cl.read.1.tlog
c:\users\test-plus\documents\computer science codes\sc practise\sc practise\x64\debug\sc practise.tlog\cl.write.1.tlog
c:\users\test-plus\documents\computer science codes\sc practise\sc practise\x64\debug\sc practise.tlog\link.8612-cvtres.read.1.tlog
c:\users\test-plus\documents\computer science codes\sc practise\sc practise\x64\debug\sc practise.tlog\link.8612-cvtres.write.1.tlog
c:\users\test-plus\documents\computer science codes\sc practise\sc practise\x64\debug\sc practise.tlog\link.8612-rc.read.1.tlog
c:\users\test-plus\documents\computer science codes\sc practise\sc practise\x64\debug\sc practise.tlog\link.8612-rc.write.1.tlog
c:\users\test-plus\documents\computer science codes\sc practise\sc practise\x64\debug\sc practise.tlog\link.8612.read.1.tlog
c:\users\test-plus\documents\computer science codes\sc practise\sc practise\x64\debug\sc practise.tlog\link.8612.read.2.tlog
c:\users\test-plus\documents\computer science codes\sc practise\sc practise\x64\debug\sc practise.tlog\link.8612.write.1.tlog
c:\users\test-plus\documents\computer science codes\sc practise\sc practise\x64\debug\sc practise.tlog\link.command.1.tlog
c:\users\test-plus\documents\computer science codes\sc practise\sc practise\x64\debug\sc practise.tlog\link.read.1.tlog
c:\users\test-plus\documents\computer science codes\sc practise\sc practise\x64\debug\sc practise.tlog\link.secondary.1.tlog
c:\users\test-plus\documents\computer science codes\sc practise\sc practise\x64\debug\sc practise.tlog\link.write.1.tlog
